<?xml version="1.0" encoding="UTF-8"?>
<testsuite name="com.viajes.reservas.ViajesReservasApplicationTests" tests="1" skipped="0" failures="0" errors="0" timestamp="2026-09-25T16:05:15.557Z" hostname="fedora" time="2.942">
  <properties/>
  <testcase name="contextLoads()" classname="com.viajes.reservas.ViajesReservasApplicationTests" time="0.337"/>
  <system-out><![CDATA[11:05:15.648 [Test worker] INFO org.springframework.test.context.support.AnnotationConfigContextLoaderUtils -- Could not detect default configuration classes for test class [com.viajes.reservas.ViajesReservasApplicationTests]: ViajesReservasApplicationTests does not declare any static, non-private, non-final, nested classes annotated with @Configuration.
11:05:15.699 [Test worker] INFO org.springframework.boot.test.context.SpringBootTestContextBootstrapper -- Found @SpringBootConfiguration com.viajes.reservas.ViajesReservasApplication for test class com.viajes.reservas.ViajesReservasApplicationTests

  .   ____          _            __ _ _
 /\\ / ___'_ __ _ _(_)_ __  __ _ \ \ \ \
( ( )\___ | '_ | '_| | '_ \/ _` | \ \ \ \
 \\/  ___)| |_)| | | | | || (_| |  ) ) ) )
  '  |____| .__|_| |_|_| |_\__, | / / / /
 =========|_|==============|___/=/_/_/_/

 :: Spring Boot ::                (v3.3.4)

2026-09-25T11:05:15.914-05:00  INFO 32295 --- [viajes-reservas-api] [    Test worker] c.v.r.ViajesReservasApplicationTests     : Starting ViajesReservasApplicationTests using Java 21.0.6 with PID 32295 (started by victorsheen in /home/victorsheen/Viajes-Farsheen/viajes-farsheen-agy)
2026-09-25T11:05:15.915-05:00  INFO 32295 --- [viajes-reservas-api] [    Test worker] c.v.r.ViajesReservasApplicationTests     : The following 1 profile is active: "h2"
2026-09-25T11:05:16.358-05:00  INFO 32295 --- [viajes-reservas-api] [    Test worker] .s.d.r.c.RepositoryConfigurationDelegate : Bootstrapping Spring Data JPA repositories in DEFAULT mode.
2026-09-25T11:05:16.396-05:00  INFO 32295 --- [viajes-reservas-api] [    Test worker] .s.d.r.c.RepositoryConfigurationDelegate : Finished Spring Data repository scanning in 33 ms. Found 4 JPA repository interfaces.
2026-09-25T11:05:16.666-05:00  INFO 32295 --- [viajes-reservas-api] [    Test worker] o.hibernate.jpa.internal.util.LogHelper  : HHH000204: Processing PersistenceUnitInfo [name: default]
2026-09-25T11:05:16.697-05:00  INFO 32295 --- [viajes-reservas-api] [    Test worker] org.hibernate.Version                    : HHH000412: Hibernate ORM core version 6.5.3.Final
2026-09-25T11:05:16.714-05:00  INFO 32295 --- [viajes-reservas-api] [    Test worker] o.h.c.internal.RegionFactoryInitiator    : HHH000026: Second-level cache disabled
2026-09-25T11:05:16.866-05:00  INFO 32295 --- [viajes-reservas-api] [    Test worker] o.s.o.j.p.SpringPersistenceUnitInfo      : No LoadTimeWeaver setup: ignoring JPA class transformer
2026-09-25T11:05:16.881-05:00  INFO 32295 --- [viajes-reservas-api] [    Test worker] com.zaxxer.hikari.HikariDataSource       : HikariPool-1 - Starting...
2026-09-25T11:05:16.983-05:00  INFO 32295 --- [viajes-reservas-api] [    Test worker] com.zaxxer.hikari.pool.HikariPool        : HikariPool-1 - Added connection conn0: url=jdbc:h2:mem:viajesdb user=SA
2026-09-25T11:05:16.984-05:00  INFO 32295 --- [viajes-reservas-api] [    Test worker] com.zaxxer.hikari.HikariDataSource       : HikariPool-1 - Start completed.
2026-09-25T11:05:16.997-05:00  WARN 32295 --- [viajes-reservas-api] [    Test worker] org.hibernate.orm.deprecation            : HHH90000025: H2Dialect does not need to be specified explicitly using 'hibernate.dialect' (remove the property setting and it will be selected by default)
2026-09-25T11:05:17.478-05:00  INFO 32295 --- [viajes-reservas-api] [    Test worker] o.h.e.t.j.p.i.JtaPlatformInitiator       : HHH000489: No JTA platform available (set 'hibernate.transaction.jta.platform' to enable JTA platform integration)
Hibernate: 
    create table clientes (
        id bigint generated by default as identity,
        apellido varchar(80) not null,
        documento_identidad varchar(50) not null,
        email varchar(100) not null,
        nombre varchar(80) not null,
        telefono varchar(30),
        primary key (id)
    )
Hibernate: 
    create table destinos (
        id bigint generated by default as identity,
        ciudad varchar(50) not null,
        clima varchar(50),
        descripcion TEXT,
        nombre varchar(100) not null,
        pais varchar(50) not null,
        primary key (id)
    )
Hibernate: 
    create table reservas (
        id bigint generated by default as identity,
        estado varchar(50) not null,
        fecha_reserva timestamp(6) not null,
        numero_personas integer not null,
        precio_total numeric(12,2) not null,
        cliente_id bigint not null,
        viaje_id bigint not null,
        primary key (id)
    )
Hibernate: 
    create table viajes (
        id bigint generated by default as identity,
        cupos_disponibles integer not null,
        descripcion TEXT,
        duracion_dias integer not null,
        estado varchar(50),
        fecha_llegada date not null,
        fecha_salida date not null,
        precio numeric(12,2) not null,
        titulo varchar(255) not null,
        destino_id bigint not null,
        primary key (id)
    )
Hibernate: 
    alter table if exists clientes 
       drop constraint if exists UK29xs9saejr4h1xd2rv501wqly
Hibernate: 
    alter table if exists clientes 
       add constraint UK29xs9saejr4h1xd2rv501wqly unique (documento_identidad)
Hibernate: 
    alter table if exists clientes 
       drop constraint if exists UK1c96wv36rk2hwui7qhjks3mvg
Hibernate: 
    alter table if exists clientes 
       add constraint UK1c96wv36rk2hwui7qhjks3mvg unique (email)
Hibernate: 
    alter table if exists reservas 
       add constraint FKpays115gahfu3ffuywded1xqt 
       foreign key (cliente_id) 
       references clientes
Hibernate: 
    alter table if exists reservas 
       add constraint FK8iyos0lcc93n8f5qf3jtfq8yw 
       foreign key (viaje_id) 
       references viajes
Hibernate: 
    alter table if exists viajes 
       add constraint FKfgo8b5eu1qpgt3rjenc3pxv5d 
       foreign key (destino_id) 
       references destinos
2026-09-25T11:05:17.524-05:00  INFO 32295 --- [viajes-reservas-api] [    Test worker] j.LocalContainerEntityManagerFactoryBean : Initialized JPA EntityManagerFactory for persistence unit 'default'
2026-09-25T11:05:17.889-05:00  WARN 32295 --- [viajes-reservas-api] [    Test worker] JpaBaseConfiguration$JpaWebConfiguration : spring.jpa.open-in-view is enabled by default. Therefore, database queries may be performed during view rendering. Explicitly configure spring.jpa.open-in-view to disable this warning
2026-09-25T11:05:18.118-05:00  INFO 32295 --- [viajes-reservas-api] [    Test worker] o.s.b.a.h2.H2ConsoleAutoConfiguration    : H2 console available at '/h2-console'. Database available at 'jdbc:h2:mem:viajesdb'
2026-09-25T11:05:18.154-05:00  INFO 32295 --- [viajes-reservas-api] [    Test worker] c.v.r.ViajesReservasApplicationTests     : Started ViajesReservasApplicationTests in 2.38 seconds (process running for 2.964)
]]></system-out>
  <system-err><![CDATA[WARNING: A Java agent has been loaded dynamically (/home/victorsheen/.gradle/caches/modules-2/files-2.1/net.bytebuddy/byte-buddy-agent/1.14.19/154da3a65b4f4a909d3e5bdec55d1b2b4cbb6ce1/byte-buddy-agent-1.14.19.jar)
WARNING: If a serviceability tool is in use, please run with -XX:+EnableDynamicAgentLoading to hide this warning
WARNING: If a serviceability tool is not in use, please run with -Djdk.instrument.traceUsage for more information
WARNING: Dynamic loading of agents will be disallowed by default in a future release
]]></system-err>
</testsuite>
